<?xml version="1.0" encoding="UTF-8"?>
<!-- Generated by org.testng.reporters.JUnitXMLReporter -->
<testsuite ignored="0" hostname="Rakeshs-MacBook-Air.local" failures="1" tests="21" name="Default test" time="627.877" errors="0" timestamp="2025-02-17T18:01:57 IST">
  <testcase classname="Testcases.Ultima_prime" name="Watch_Connection" time="91.844"/>
  <testcase classname="Testcases.Ultima_prime" name="Home_dasboard_components_Check" time="6.053"/>
  <testcase classname="Testcases.Ultima_prime" name="Watch_features_Check" time="33.475"/>
  <testcase classname="Testcases.Ultima_prime" name="Watch_faces" time="5.154"/>
  <testcase classname="Testcases.Ultima_prime" name="HR" time="7.993"/>
  <testcase classname="Testcases.Ultima_prime" name="Sedentary" time="8.676"/>
  <testcase classname="Testcases.Ultima_prime" name="alarm" time="25.09"/>
  <testcase classname="Testcases.Ultima_prime" name="nudges" time="14.004"/>
  <testcase classname="Testcases.Ultima_prime" name="World_clock" time="26.1"/>
  <testcase classname="Testcases.Ultima_prime" name="BT_Calling" time="32.702"/>
  <testcase classname="Testcases.Ultima_prime" name="Weather" time="19.019"/>
  <testcase classname="Testcases.Ultima_prime" name="Notifications" time="13.636"/>
  <testcase classname="Testcases.Ultima_prime" name="watch_control" time="25.421"/>
  <testcase classname="Testcases.Ultima_prime" name="system_settings" time="18.591"/>
  <testcase classname="Testcases.Ultima_prime" name="fitness_vitals" time="115.647"/>
  <testcase classname="Testcases.Ultima_prime" name="My_watch" time="55.122"/>
  <testcase classname="Testcases.Ultima_prime" name="Fit_crew" time="10.486"/>
  <testcase classname="Testcases.Ultima_prime" name="profile" time="47.213"/>
  <testcase classname="Testcases.Ultima_prime" name="boAtcoins" time="10.57"/>
  <testcase classname="Testcases.Ultima_prime" name="watch_disconnection" time="27.7"/>
  <testcase classname="Testcases.Ultima_prime" name="watch_list_screen_display_check_after_disconnection" time="20.064">
    <failure type="org.openqa.selenium.NoSuchElementException" message="An element could not be located on the page using the given search parameters.
For documentation on this error, please visit: https://www.selenium.dev/documentation/webdriver/troubleshooting/errors#no-such-element-exception
Build info: version: &amp;apos;4.28.1&amp;apos;, revision: &amp;apos;73f5ad48a2&amp;apos;
System info: os.name: &amp;apos;Mac OS X&amp;apos;, os.arch: &amp;apos;x86_64&amp;apos;, os.version: &amp;apos;15.3&amp;apos;, java.version: &amp;apos;21.0.5&amp;apos;
Driver info: io.appium.java_client.ios.IOSDriver
Command: [fcc0c735-d492-449f-b60c-3583d3a54fc3, findElement {using=-ios class chain, value=**/XCUIElementTypeTextField[`value == &amp;quot;Search here&amp;quot;`]}]
Capabilities {appium:autoAcceptAlerts: true, appium:automationName: XCUITest, appium:bundleId: com.coveiot.ios.boat.prod, appium:databaseEnabled: false, appium:javascriptEnabled: true, appium:locationContextEnabled: false, appium:networkConnectionEnabled: false, appium:platformVersion: 18.3, appium:takesScreenshot: true, appium:udid: 00008020-000E60EC2603002E, appium:wdaLaunchTimeout: 200000, appium:webStorageEnabled: false, platformName: IOS}
Session ID: fcc0c735-d492-449f-b60c-3583d3a54fc3">
      <![CDATA[org.openqa.selenium.NoSuchElementException: An element could not be located on the page using the given search parameters.
For documentation on this error, please visit: https://www.selenium.dev/documentation/webdriver/troubleshooting/errors#no-such-element-exception
Build info: version: '4.28.1', revision: '73f5ad48a2'
System info: os.name: 'Mac OS X', os.arch: 'x86_64', os.version: '15.3', java.version: '21.0.5'
Driver info: io.appium.java_client.ios.IOSDriver
Command: [fcc0c735-d492-449f-b60c-3583d3a54fc3, findElement {using=-ios class chain, value=**/XCUIElementTypeTextField[`value == "Search here"`]}]
Capabilities {appium:autoAcceptAlerts: true, appium:automationName: XCUITest, appium:bundleId: com.coveiot.ios.boat.prod, appium:databaseEnabled: false, appium:javascriptEnabled: true, appium:locationContextEnabled: false, appium:networkConnectionEnabled: false, appium:platformVersion: 18.3, appium:takesScreenshot: true, appium:udid: 00008020-000E60EC2603002E, appium:wdaLaunchTimeout: 200000, appium:webStorageEnabled: false, platformName: IOS}
Session ID: fcc0c735-d492-449f-b60c-3583d3a54fc3
at java.base/jdk.internal.reflect.DirectConstructorHandleAccessor.newInstance(DirectConstructorHandleAccessor.java:62)
at java.base/java.lang.reflect.Constructor.newInstanceWithCaller(Constructor.java:502)
at java.base/java.lang.reflect.Constructor.newInstance(Constructor.java:486)
at org.openqa.selenium.remote.ErrorCodec.decode(ErrorCodec.java:167)
at org.openqa.selenium.remote.codec.w3c.W3CHttpResponseCodec.decode(W3CHttpResponseCodec.java:138)
at org.openqa.selenium.remote.codec.w3c.W3CHttpResponseCodec.decode(W3CHttpResponseCodec.java:50)
at org.openqa.selenium.remote.HttpCommandExecutor.execute(HttpCommandExecutor.java:215)
at io.appium.java_client.remote.AppiumCommandExecutor.execute(AppiumCommandExecutor.java:237)
at org.openqa.selenium.remote.RemoteWebDriver.execute(RemoteWebDriver.java:545)
at org.openqa.selenium.remote.ElementLocation$ElementFinder$2.findElement(ElementLocation.java:165)
at org.openqa.selenium.remote.ElementLocation.findElement(ElementLocation.java:59)
at org.openqa.selenium.remote.RemoteWebDriver.findElement(RemoteWebDriver.java:368)
at org.openqa.selenium.remote.RemoteWebDriver.findElement(RemoteWebDriver.java:362)
at Testcases.Ultima_prime.watch_list_screen_display_check_after_disconnection(Ultima_prime.java:151)
at java.base/jdk.internal.reflect.DirectMethodHandleAccessor.invoke(DirectMethodHandleAccessor.java:103)
at java.base/java.lang.reflect.Method.invoke(Method.java:580)
at org.testng.internal.invokers.MethodInvocationHelper.invokeMethod(MethodInvocationHelper.java:141)
at org.testng.internal.invokers.TestInvoker.invokeMethod(TestInvoker.java:686)
at org.testng.internal.invokers.TestInvoker.invokeTestMethod(TestInvoker.java:230)
at org.testng.internal.invokers.MethodRunner.runInSequence(MethodRunner.java:63)
at org.testng.internal.invokers.TestInvoker$MethodInvocationAgent.invoke(TestInvoker.java:992)
at org.testng.internal.invokers.TestInvoker.invokeTestMethods(TestInvoker.java:203)
at org.testng.internal.invokers.TestMethodWorker.invokeTestMethods(TestMethodWorker.java:154)
at org.testng.internal.invokers.TestMethodWorker.run(TestMethodWorker.java:134)
at java.base/java.util.ArrayList.forEach(ArrayList.java:1596)
at org.testng.TestRunner.privateRun(TestRunner.java:739)
at org.testng.TestRunner.run(TestRunner.java:614)
at org.testng.SuiteRunner.runTest(SuiteRunner.java:421)
at org.testng.SuiteRunner.runSequentially(SuiteRunner.java:413)
at org.testng.SuiteRunner.privateRun(SuiteRunner.java:373)
at org.testng.SuiteRunner.run(SuiteRunner.java:312)
at org.testng.SuiteRunnerWorker.runSuite(SuiteRunnerWorker.java:52)
at org.testng.SuiteRunnerWorker.run(SuiteRunnerWorker.java:95)
at org.testng.TestNG.runSuitesSequentially(TestNG.java:1274)
at org.testng.TestNG.runSuitesLocally(TestNG.java:1208)
at org.testng.TestNG.runSuites(TestNG.java:1112)
at org.testng.TestNG.run(TestNG.java:1079)
at org.testng.remote.AbstractRemoteTestNG.run(AbstractRemoteTestNG.java:115)
at org.testng.remote.RemoteTestNG.initAndRun(RemoteTestNG.java:293)
at org.testng.remote.RemoteTestNG.main(RemoteTestNG.java:91)
]]>
    </failure>
  </testcase> <!-- watch_list_screen_display_check_after_disconnection -->
</testsuite> <!-- Default test -->
