<?xml version="1.0" encoding="UTF-8"?>
<!-- Generated by org.testng.reporters.JUnitReportReporter -->
<testsuite hostname="Rakeshs-MacBook-Air.local" failures="0" tests="21" name="Testcases.Ultima_prime" time="614.560" errors="1" timestamp="2025-02-17T18:01:58 IST" skipped="0">
  <testcase classname="Testcases.Ultima_prime" name="Watch_Connection" time="91.844"/>
  <testcase classname="Testcases.Ultima_prime" name="Home_dasboard_components_Check" time="6.053"/>
  <testcase classname="Testcases.Ultima_prime" name="Watch_features_Check" time="33.475"/>
  <testcase classname="Testcases.Ultima_prime" name="Watch_faces" time="5.154"/>
  <testcase classname="Testcases.Ultima_prime" name="HR" time="7.993"/>
  <testcase classname="Testcases.Ultima_prime" name="Sedentary" time="8.676"/>
  <testcase classname="Testcases.Ultima_prime" name="alarm" time="25.090"/>
  <testcase classname="Testcases.Ultima_prime" name="nudges" time="14.004"/>
  <testcase classname="Testcases.Ultima_prime" name="World_clock" time="26.100"/>
  <testcase classname="Testcases.Ultima_prime" name="BT_Calling" time="32.702"/>
  <testcase classname="Testcases.Ultima_prime" name="Weather" time="19.019"/>
  <testcase classname="Testcases.Ultima_prime" name="Notifications" time="13.636"/>
  <testcase classname="Testcases.Ultima_prime" name="watch_control" time="25.421"/>
  <testcase classname="Testcases.Ultima_prime" name="system_settings" time="18.591"/>
  <testcase classname="Testcases.Ultima_prime" name="fitness_vitals" time="115.647"/>
  <testcase classname="Testcases.Ultima_prime" name="My_watch" time="55.122"/>
  <testcase classname="Testcases.Ultima_prime" name="Fit_crew" time="10.486"/>
  <testcase classname="Testcases.Ultima_prime" name="profile" time="47.213"/>
  <testcase classname="Testcases.Ultima_prime" name="boAtcoins" time="10.570"/>
  <testcase classname="Testcases.Ultima_prime" name="watch_disconnection" time="27.700"/>
  <testcase classname="Testcases.Ultima_prime" name="watch_list_screen_display_check_after_disconnection" time="20.064">
    <error message="An element could not be located on the page using the given search parameters.
For documentation on this error, please visit: https://www.selenium.dev/documentation/webdriver/troubleshooting/errors#no-such-element-exception
Build info: version: &#039;4.28.1&#039;, revision: &#039;73f5ad48a2&#039;
System info: os.name: &#039;Mac OS X&#039;, os.arch: &#039;x86_64&#039;, os.version: &#039;15.3&#039;, java.version: &#039;21.0.5&#039;
Driver info: io.appium.java_client.ios.IOSDriver
Command: [fcc0c735-d492-449f-b60c-3583d3a54fc3, findElement {using=-ios class chain, value=**/XCUIElementTypeTextField[`value == &quot;Search here&quot;`]}]
Capabilities {appium:autoAcceptAlerts: true, appium:automationName: XCUITest, appium:bundleId: com.coveiot.ios.boat.prod, appium:databaseEnabled: false, appium:javascriptEnabled: true, appium:locationContextEnabled: false, appium:networkConnectionEnabled: false, appium:platformVersion: 18.3, appium:takesScreenshot: true, appium:udid: 00008020-000E60EC2603002E, appium:wdaLaunchTimeout: 200000, appium:webStorageEnabled: false, platformName: IOS}
Session ID: fcc0c735-d492-449f-b60c-3583d3a54fc3" type="org.openqa.selenium.NoSuchElementException">
      <![CDATA[org.openqa.selenium.NoSuchElementException: An element could not be located on the page using the given search parameters.
For documentation on this error, please visit: https://www.selenium.dev/documentation/webdriver/troubleshooting/errors#no-such-element-exception
Build info: version: '4.28.1', revision: '73f5ad48a2'
System info: os.name: 'Mac OS X', os.arch: 'x86_64', os.version: '15.3', java.version: '21.0.5'
Driver info: io.appium.java_client.ios.IOSDriver
Command: [fcc0c735-d492-449f-b60c-3583d3a54fc3, findElement {using=-ios class chain, value=**/XCUIElementTypeTextField[`value == "Search here"`]}]
Capabilities {appium:autoAcceptAlerts: true, appium:automationName: XCUITest, appium:bundleId: com.coveiot.ios.boat.prod, appium:databaseEnabled: false, appium:javascriptEnabled: true, appium:locationContextEnabled: false, appium:networkConnectionEnabled: false, appium:platformVersion: 18.3, appium:takesScreenshot: true, appium:udid: 00008020-000E60EC2603002E, appium:wdaLaunchTimeout: 200000, appium:webStorageEnabled: false, platformName: IOS}
Session ID: fcc0c735-d492-449f-b60c-3583d3a54fc3
at java.base/jdk.internal.reflect.DirectConstructorHandleAccessor.newInstance(DirectConstructorHandleAccessor.java:62)
at java.base/java.lang.reflect.Constructor.newInstanceWithCaller(Constructor.java:502)
at java.base/java.lang.reflect.Constructor.newInstance(Constructor.java:486)
at org.openqa.selenium.remote.ErrorCodec.decode(ErrorCodec.java:167)
at org.openqa.selenium.remote.codec.w3c.W3CHttpResponseCodec.decode(W3CHttpResponseCodec.java:138)
at org.openqa.selenium.remote.codec.w3c.W3CHttpResponseCodec.decode(W3CHttpResponseCodec.java:50)
at org.openqa.selenium.remote.HttpCommandExecutor.execute(HttpCommandExecutor.java:215)
at io.appium.java_client.remote.AppiumCommandExecutor.execute(AppiumCommandExecutor.java:237)
at org.openqa.selenium.remote.RemoteWebDriver.execute(RemoteWebDriver.java:545)
at org.openqa.selenium.remote.ElementLocation$ElementFinder$2.findElement(ElementLocation.java:165)
at org.openqa.selenium.remote.ElementLocation.findElement(ElementLocation.java:59)
at org.openqa.selenium.remote.RemoteWebDriver.findElement(RemoteWebDriver.java:368)
at org.openqa.selenium.remote.RemoteWebDriver.findElement(RemoteWebDriver.java:362)
at Testcases.Ultima_prime.watch_list_screen_display_check_after_disconnection(Ultima_prime.java:151)
at java.base/jdk.internal.reflect.DirectMethodHandleAccessor.invoke(DirectMethodHandleAccessor.java:103)
at java.base/java.lang.reflect.Method.invoke(Method.java:580)
at org.testng.internal.invokers.MethodInvocationHelper.invokeMethod(MethodInvocationHelper.java:141)
at org.testng.internal.invokers.TestInvoker.invokeMethod(TestInvoker.java:686)
at org.testng.internal.invokers.TestInvoker.invokeTestMethod(TestInvoker.java:230)
at org.testng.internal.invokers.MethodRunner.runInSequence(MethodRunner.java:63)
at org.testng.internal.invokers.TestInvoker$MethodInvocationAgent.invoke(TestInvoker.java:992)
at org.testng.internal.invokers.TestInvoker.invokeTestMethods(TestInvoker.java:203)
at org.testng.internal.invokers.TestMethodWorker.invokeTestMethods(TestMethodWorker.java:154)
at org.testng.internal.invokers.TestMethodWorker.run(TestMethodWorker.java:134)
at java.base/java.util.ArrayList.forEach(ArrayList.java:1596)
at org.testng.TestRunner.privateRun(TestRunner.java:739)
at org.testng.TestRunner.run(TestRunner.java:614)
at org.testng.SuiteRunner.runTest(SuiteRunner.java:421)
at org.testng.SuiteRunner.runSequentially(SuiteRunner.java:413)
at org.testng.SuiteRunner.privateRun(SuiteRunner.java:373)
at org.testng.SuiteRunner.run(SuiteRunner.java:312)
at org.testng.SuiteRunnerWorker.runSuite(SuiteRunnerWorker.java:52)
at org.testng.SuiteRunnerWorker.run(SuiteRunnerWorker.java:95)
at org.testng.TestNG.runSuitesSequentially(TestNG.java:1274)
at org.testng.TestNG.runSuitesLocally(TestNG.java:1208)
at org.testng.TestNG.runSuites(TestNG.java:1112)
at org.testng.TestNG.run(TestNG.java:1079)
at org.testng.remote.AbstractRemoteTestNG.run(AbstractRemoteTestNG.java:115)
at org.testng.remote.RemoteTestNG.initAndRun(RemoteTestNG.java:293)
at org.testng.remote.RemoteTestNG.main(RemoteTestNG.java:91)
]]>
    </error>
  </testcase> <!-- watch_list_screen_display_check_after_disconnection -->
</testsuite> <!-- Testcases.Ultima_prime -->
