<?xml version="1.0" encoding="UTF-8"?>
<!-- Generated by org.testng.reporters.JUnitReportReporter -->
<testsuite hostname="Rakeshs-MacBook-Air.local" failures="0" tests="26" name="Testcases.CY_Lunar_Call_Pro" time="886.177" errors="1" timestamp="2025-02-17T14:06:56 IST" skipped="0">
  <testcase classname="Testcases.CY_Lunar_Call_Pro" name="Watch_Connection" time="108.653"/>
  <testcase classname="Testcases.CY_Lunar_Call_Pro" name="Home_dasboard_components_Check" time="5.932"/>
  <testcase classname="Testcases.CY_Lunar_Call_Pro" name="Watch_features_Check" time="37.073"/>
  <testcase classname="Testcases.CY_Lunar_Call_Pro" name="Watch_faces" time="22.918"/>
  <testcase classname="Testcases.CY_Lunar_Call_Pro" name="HR" time="7.877"/>
  <testcase classname="Testcases.CY_Lunar_Call_Pro" name="HRV_and_Stress" time="12.430"/>
  <testcase classname="Testcases.CY_Lunar_Call_Pro" name="NBR" time="9.098"/>
  <testcase classname="Testcases.CY_Lunar_Call_Pro" name="AAD" time="24.392"/>
  <testcase classname="Testcases.CY_Lunar_Call_Pro" name="Sedentary" time="7.975"/>
  <testcase classname="Testcases.CY_Lunar_Call_Pro" name="alarm" time="34.878"/>
  <testcase classname="Testcases.CY_Lunar_Call_Pro" name="Nudge" time="9.512"/>
  <testcase classname="Testcases.CY_Lunar_Call_Pro" name="Custom_reminder" time="43.325"/>
  <testcase classname="Testcases.CY_Lunar_Call_Pro" name="Find_my_watch" time="5.526"/>
  <testcase classname="Testcases.CY_Lunar_Call_Pro" name="BT_Calling" time="4.230"/>
  <testcase classname="Testcases.CY_Lunar_Call_Pro" name="Notifications" time="11.714"/>
  <testcase classname="Testcases.CY_Lunar_Call_Pro" name="Weather" time="23.025"/>
  <testcase classname="Testcases.CY_Lunar_Call_Pro" name="QR_tray" time="49.577"/>
  <testcase classname="Testcases.CY_Lunar_Call_Pro" name="sensAI" time="44.747"/>
  <testcase classname="Testcases.CY_Lunar_Call_Pro" name="watch_control" time="31.016"/>
  <testcase classname="Testcases.CY_Lunar_Call_Pro" name="fitness_vitals" time="169.738"/>
  <testcase classname="Testcases.CY_Lunar_Call_Pro" name="My_watch" time="110.755">
    <error message="An element could not be located on the page using the given search parameters.
For documentation on this error, please visit: https://www.selenium.dev/documentation/webdriver/troubleshooting/errors#no-such-element-exception
Build info: version: &#039;4.28.1&#039;, revision: &#039;73f5ad48a2&#039;
System info: os.name: &#039;Mac OS X&#039;, os.arch: &#039;x86_64&#039;, os.version: &#039;15.3&#039;, java.version: &#039;21.0.5&#039;
Driver info: io.appium.java_client.ios.IOSDriver
Command: [ad453697-ea10-4917-b4d5-6d8d4b785a7c, findElement {value=Back, using=accessibility id}]
Capabilities {appium:autoAcceptAlerts: true, appium:automationName: XCUITest, appium:bundleId: com.coveiot.ios.boat.prod, appium:databaseEnabled: false, appium:javascriptEnabled: true, appium:locationContextEnabled: false, appium:networkConnectionEnabled: false, appium:platformVersion: 18.3, appium:takesScreenshot: true, appium:udid: 00008020-000E60EC2603002E, appium:wdaLaunchTimeout: 200000, appium:webStorageEnabled: false, platformName: IOS}
Session ID: ad453697-ea10-4917-b4d5-6d8d4b785a7c" type="org.openqa.selenium.NoSuchElementException">
      <![CDATA[org.openqa.selenium.NoSuchElementException: An element could not be located on the page using the given search parameters.
For documentation on this error, please visit: https://www.selenium.dev/documentation/webdriver/troubleshooting/errors#no-such-element-exception
Build info: version: '4.28.1', revision: '73f5ad48a2'
System info: os.name: 'Mac OS X', os.arch: 'x86_64', os.version: '15.3', java.version: '21.0.5'
Driver info: io.appium.java_client.ios.IOSDriver
Command: [ad453697-ea10-4917-b4d5-6d8d4b785a7c, findElement {value=Back, using=accessibility id}]
Capabilities {appium:autoAcceptAlerts: true, appium:automationName: XCUITest, appium:bundleId: com.coveiot.ios.boat.prod, appium:databaseEnabled: false, appium:javascriptEnabled: true, appium:locationContextEnabled: false, appium:networkConnectionEnabled: false, appium:platformVersion: 18.3, appium:takesScreenshot: true, appium:udid: 00008020-000E60EC2603002E, appium:wdaLaunchTimeout: 200000, appium:webStorageEnabled: false, platformName: IOS}
Session ID: ad453697-ea10-4917-b4d5-6d8d4b785a7c
at java.base/jdk.internal.reflect.DirectConstructorHandleAccessor.newInstance(DirectConstructorHandleAccessor.java:62)
at java.base/java.lang.reflect.Constructor.newInstanceWithCaller(Constructor.java:502)
at java.base/java.lang.reflect.Constructor.newInstance(Constructor.java:486)
at org.openqa.selenium.remote.ErrorCodec.decode(ErrorCodec.java:167)
at org.openqa.selenium.remote.codec.w3c.W3CHttpResponseCodec.decode(W3CHttpResponseCodec.java:138)
at org.openqa.selenium.remote.codec.w3c.W3CHttpResponseCodec.decode(W3CHttpResponseCodec.java:50)
at org.openqa.selenium.remote.HttpCommandExecutor.execute(HttpCommandExecutor.java:215)
at io.appium.java_client.remote.AppiumCommandExecutor.execute(AppiumCommandExecutor.java:237)
at org.openqa.selenium.remote.RemoteWebDriver.execute(RemoteWebDriver.java:545)
at org.openqa.selenium.remote.ElementLocation$ElementFinder$2.findElement(ElementLocation.java:165)
at org.openqa.selenium.remote.ElementLocation.findElement(ElementLocation.java:59)
at org.openqa.selenium.remote.RemoteWebDriver.findElement(RemoteWebDriver.java:368)
at org.openqa.selenium.remote.RemoteWebDriver.findElement(RemoteWebDriver.java:362)
at Testcases.Base.back(Base.java:75)
at Testcases.Base.CY_My_watch(Base.java:1413)
at Testcases.CY_Lunar_Call_Pro.My_watch(CY_Lunar_Call_Pro.java:116)
at java.base/jdk.internal.reflect.DirectMethodHandleAccessor.invoke(DirectMethodHandleAccessor.java:103)
at java.base/java.lang.reflect.Method.invoke(Method.java:580)
at org.testng.internal.invokers.MethodInvocationHelper.invokeMethod(MethodInvocationHelper.java:141)
at org.testng.internal.invokers.TestInvoker.invokeMethod(TestInvoker.java:686)
at org.testng.internal.invokers.TestInvoker.invokeTestMethod(TestInvoker.java:230)
at org.testng.internal.invokers.MethodRunner.runInSequence(MethodRunner.java:63)
at org.testng.internal.invokers.TestInvoker$MethodInvocationAgent.invoke(TestInvoker.java:992)
at org.testng.internal.invokers.TestInvoker.invokeTestMethods(TestInvoker.java:203)
at org.testng.internal.invokers.TestMethodWorker.invokeTestMethods(TestMethodWorker.java:154)
at org.testng.internal.invokers.TestMethodWorker.run(TestMethodWorker.java:134)
at java.base/java.util.ArrayList.forEach(ArrayList.java:1596)
at org.testng.TestRunner.privateRun(TestRunner.java:739)
at org.testng.TestRunner.run(TestRunner.java:614)
at org.testng.SuiteRunner.runTest(SuiteRunner.java:421)
at org.testng.SuiteRunner.runSequentially(SuiteRunner.java:413)
at org.testng.SuiteRunner.privateRun(SuiteRunner.java:373)
at org.testng.SuiteRunner.run(SuiteRunner.java:312)
at org.testng.SuiteRunnerWorker.runSuite(SuiteRunnerWorker.java:52)
at org.testng.SuiteRunnerWorker.run(SuiteRunnerWorker.java:95)
at org.testng.TestNG.runSuitesSequentially(TestNG.java:1274)
at org.testng.TestNG.runSuitesLocally(TestNG.java:1208)
at org.testng.TestNG.runSuites(TestNG.java:1112)
at org.testng.TestNG.run(TestNG.java:1079)
at org.testng.remote.AbstractRemoteTestNG.run(AbstractRemoteTestNG.java:115)
at org.testng.remote.RemoteTestNG.initAndRun(RemoteTestNG.java:293)
at org.testng.remote.RemoteTestNG.main(RemoteTestNG.java:91)
]]>
    </error>
  </testcase> <!-- My_watch -->
  <testcase classname="Testcases.CY_Lunar_Call_Pro" name="Fit_crew" time="10.266"/>
  <testcase classname="Testcases.CY_Lunar_Call_Pro" name="profile" time="38.799"/>
  <testcase classname="Testcases.CY_Lunar_Call_Pro" name="WatchFaceStudio" time="49.884"/>
  <testcase classname="Testcases.CY_Lunar_Call_Pro" name="watch_disconnection" time="10.453"/>
  <testcase classname="Testcases.CY_Lunar_Call_Pro" name="watch_list_screen_display_check_after_disconnection" time="2.384"/>
</testsuite> <!-- Testcases.CY_Lunar_Call_Pro -->
