<?xml version="1.0" encoding="UTF-8"?>
<!-- Generated by org.testng.reporters.JUnitReportReporter -->
<testsuite hostname="Rakeshs-MacBook-Air.local" failures="0" tests="17" name="iosautomation.Appium.ULC2BT_SmartCall" time="438.651" errors="3" timestamp="2025-01-15T15:06:03 IST" skipped="0">
  <testcase classname="iosautomation.Appium.ULC2BT_SmartCall" name="Watch_Connection" time="107.769"/>
  <testcase classname="iosautomation.Appium.ULC2BT_SmartCall" name="Home_dasboard_components_Check" time="6.188"/>
  <testcase classname="iosautomation.Appium.ULC2BT_SmartCall" name="Settings_Features_Display_Check" time="14.129"/>
  <testcase classname="iosautomation.Appium.ULC2BT_SmartCall" name="Watch_faces" time="21.956"/>
  <testcase classname="iosautomation.Appium.ULC2BT_SmartCall" name="HR" time="8.926"/>
  <testcase classname="iosautomation.Appium.ULC2BT_SmartCall" name="sedentary_reminder" time="33.422"/>
  <testcase classname="iosautomation.Appium.ULC2BT_SmartCall" name="Find_My_watch" time="5.299"/>
  <testcase classname="iosautomation.Appium.ULC2BT_SmartCall" name="Bluetooth_calling" time="3.104"/>
  <testcase classname="iosautomation.Appium.ULC2BT_SmartCall" name="Notifications" time="11.080"/>
  <testcase classname="iosautomation.Appium.ULC2BT_SmartCall" name="Watch_control" time="4.430">
    <error message="The previously found element &quot;&quot;Schedule&quot; Switch&quot; is not present in the current view anymore. Make sure the application UI has the expected state. You could also try to switch the binding strategy using the &#039;boundElementsByIndex&#039; setting for the element lookup. Original error: No matches found for Identity Binding from input {(
    Switch, {{325.0, 318.5}, {51.0, 31.0}}, label: &#039;Schedule&#039;, value: 0
)}
For documentation on this error, please visit: https://www.selenium.dev/documentation/webdriver/troubleshooting/errors#stale-element-reference-exception
Build info: version: &#039;4.27.0&#039;, revision: &#039;d6e718d134&#039;
System info: os.name: &#039;Mac OS X&#039;, os.arch: &#039;x86_64&#039;, os.version: &#039;15.2&#039;, java.version: &#039;21.0.5&#039;
Driver info: io.appium.java_client.ios.IOSDriver
Command: [31350378-55b4-4ee1-9dd3-64c605e85ead, clickElement {id=87040000-0000-0000-6B12-000000000000}]
Capabilities {appium:autoAcceptAlerts: true, appium:automationName: XCUITest, appium:bundleId: com.coveiot.ios.boat.prod, appium:databaseEnabled: false, appium:javascriptEnabled: true, appium:locationContextEnabled: false, appium:networkConnectionEnabled: false, appium:platformVersion: 18.3, appium:takesScreenshot: true, appium:udid: 00008020-000E60EC2603002E, appium:wdaLaunchTimeout: 200000, appium:webStorageEnabled: false, platformName: IOS}
Element: [[IOSDriver:  on IOS (31350378-55b4-4ee1-9dd3-64c605e85ead)] -&gt; -ios class chain: **/XCUIElementTypeSwitch[`name == &quot;Schedule&quot;`]]
Session ID: 31350378-55b4-4ee1-9dd3-64c605e85ead" type="org.openqa.selenium.StaleElementReferenceException">
      <![CDATA[org.openqa.selenium.StaleElementReferenceException: The previously found element ""Schedule" Switch" is not present in the current view anymore. Make sure the application UI has the expected state. You could also try to switch the binding strategy using the 'boundElementsByIndex' setting for the element lookup. Original error: No matches found for Identity Binding from input {(
    Switch, {{325.0, 318.5}, {51.0, 31.0}}, label: 'Schedule', value: 0
)}
For documentation on this error, please visit: https://www.selenium.dev/documentation/webdriver/troubleshooting/errors#stale-element-reference-exception
Build info: version: '4.27.0', revision: 'd6e718d134'
System info: os.name: 'Mac OS X', os.arch: 'x86_64', os.version: '15.2', java.version: '21.0.5'
Driver info: io.appium.java_client.ios.IOSDriver
Command: [31350378-55b4-4ee1-9dd3-64c605e85ead, clickElement {id=87040000-0000-0000-6B12-000000000000}]
Capabilities {appium:autoAcceptAlerts: true, appium:automationName: XCUITest, appium:bundleId: com.coveiot.ios.boat.prod, appium:databaseEnabled: false, appium:javascriptEnabled: true, appium:locationContextEnabled: false, appium:networkConnectionEnabled: false, appium:platformVersion: 18.3, appium:takesScreenshot: true, appium:udid: 00008020-000E60EC2603002E, appium:wdaLaunchTimeout: 200000, appium:webStorageEnabled: false, platformName: IOS}
Element: [[IOSDriver:  on IOS (31350378-55b4-4ee1-9dd3-64c605e85ead)] -> -ios class chain: **/XCUIElementTypeSwitch[`name == "Schedule"`]]
Session ID: 31350378-55b4-4ee1-9dd3-64c605e85ead
at java.base/jdk.internal.reflect.DirectConstructorHandleAccessor.newInstance(DirectConstructorHandleAccessor.java:62)
at java.base/java.lang.reflect.Constructor.newInstanceWithCaller(Constructor.java:502)
at java.base/java.lang.reflect.Constructor.newInstance(Constructor.java:486)
at org.openqa.selenium.remote.ErrorCodec.decode(ErrorCodec.java:167)
at org.openqa.selenium.remote.codec.w3c.W3CHttpResponseCodec.decode(W3CHttpResponseCodec.java:138)
at org.openqa.selenium.remote.codec.w3c.W3CHttpResponseCodec.decode(W3CHttpResponseCodec.java:50)
at org.openqa.selenium.remote.HttpCommandExecutor.execute(HttpCommandExecutor.java:190)
at io.appium.java_client.remote.AppiumCommandExecutor.execute(AppiumCommandExecutor.java:237)
at org.openqa.selenium.remote.RemoteWebDriver.execute(RemoteWebDriver.java:545)
at org.openqa.selenium.remote.RemoteWebElement.execute(RemoteWebElement.java:223)
at org.openqa.selenium.remote.RemoteWebElement.click(RemoteWebElement.java:76)
at iosautomation.Appium.ULC2BT_SmartCall.Watch_control(ULC2BT_SmartCall.java:233)
at java.base/jdk.internal.reflect.DirectMethodHandleAccessor.invoke(DirectMethodHandleAccessor.java:103)
at java.base/java.lang.reflect.Method.invoke(Method.java:580)
at org.testng.internal.invokers.MethodInvocationHelper.invokeMethod(MethodInvocationHelper.java:141)
at org.testng.internal.invokers.TestInvoker.invokeMethod(TestInvoker.java:686)
at org.testng.internal.invokers.TestInvoker.invokeTestMethod(TestInvoker.java:230)
at org.testng.internal.invokers.MethodRunner.runInSequence(MethodRunner.java:63)
at org.testng.internal.invokers.TestInvoker$MethodInvocationAgent.invoke(TestInvoker.java:992)
at org.testng.internal.invokers.TestInvoker.invokeTestMethods(TestInvoker.java:203)
at org.testng.internal.invokers.TestMethodWorker.invokeTestMethods(TestMethodWorker.java:154)
at org.testng.internal.invokers.TestMethodWorker.run(TestMethodWorker.java:134)
at java.base/java.util.ArrayList.forEach(ArrayList.java:1596)
at org.testng.TestRunner.privateRun(TestRunner.java:739)
at org.testng.TestRunner.run(TestRunner.java:614)
at org.testng.SuiteRunner.runTest(SuiteRunner.java:421)
at org.testng.SuiteRunner.runSequentially(SuiteRunner.java:413)
at org.testng.SuiteRunner.privateRun(SuiteRunner.java:373)
at org.testng.SuiteRunner.run(SuiteRunner.java:312)
at org.testng.SuiteRunnerWorker.runSuite(SuiteRunnerWorker.java:52)
at org.testng.SuiteRunnerWorker.run(SuiteRunnerWorker.java:95)
at org.testng.TestNG.runSuitesSequentially(TestNG.java:1274)
at org.testng.TestNG.runSuitesLocally(TestNG.java:1208)
at org.testng.TestNG.runSuites(TestNG.java:1112)
at org.testng.TestNG.run(TestNG.java:1079)
at org.testng.remote.AbstractRemoteTestNG.run(AbstractRemoteTestNG.java:115)
at org.testng.remote.RemoteTestNG.initAndRun(RemoteTestNG.java:293)
at org.testng.remote.RemoteTestNG.main(RemoteTestNG.java:91)
]]>
    </error>
  </testcase> <!-- Watch_control -->
  <testcase classname="iosautomation.Appium.ULC2BT_SmartCall" name="About_Watch" time="20.217">
    <error message="An element could not be located on the page using the given search parameters.
For documentation on this error, please visit: https://www.selenium.dev/documentation/webdriver/troubleshooting/errors#no-such-element-exception
Build info: version: &#039;4.27.0&#039;, revision: &#039;d6e718d134&#039;
System info: os.name: &#039;Mac OS X&#039;, os.arch: &#039;x86_64&#039;, os.version: &#039;15.2&#039;, java.version: &#039;21.0.5&#039;
Driver info: io.appium.java_client.ios.IOSDriver
Command: [31350378-55b4-4ee1-9dd3-64c605e85ead, findElement {using=accessibility id, value=About watch}]
Capabilities {appium:autoAcceptAlerts: true, appium:automationName: XCUITest, appium:bundleId: com.coveiot.ios.boat.prod, appium:databaseEnabled: false, appium:javascriptEnabled: true, appium:locationContextEnabled: false, appium:networkConnectionEnabled: false, appium:platformVersion: 18.3, appium:takesScreenshot: true, appium:udid: 00008020-000E60EC2603002E, appium:wdaLaunchTimeout: 200000, appium:webStorageEnabled: false, platformName: IOS}
Session ID: 31350378-55b4-4ee1-9dd3-64c605e85ead" type="org.openqa.selenium.NoSuchElementException">
      <![CDATA[org.openqa.selenium.NoSuchElementException: An element could not be located on the page using the given search parameters.
For documentation on this error, please visit: https://www.selenium.dev/documentation/webdriver/troubleshooting/errors#no-such-element-exception
Build info: version: '4.27.0', revision: 'd6e718d134'
System info: os.name: 'Mac OS X', os.arch: 'x86_64', os.version: '15.2', java.version: '21.0.5'
Driver info: io.appium.java_client.ios.IOSDriver
Command: [31350378-55b4-4ee1-9dd3-64c605e85ead, findElement {using=accessibility id, value=About watch}]
Capabilities {appium:autoAcceptAlerts: true, appium:automationName: XCUITest, appium:bundleId: com.coveiot.ios.boat.prod, appium:databaseEnabled: false, appium:javascriptEnabled: true, appium:locationContextEnabled: false, appium:networkConnectionEnabled: false, appium:platformVersion: 18.3, appium:takesScreenshot: true, appium:udid: 00008020-000E60EC2603002E, appium:wdaLaunchTimeout: 200000, appium:webStorageEnabled: false, platformName: IOS}
Session ID: 31350378-55b4-4ee1-9dd3-64c605e85ead
at java.base/jdk.internal.reflect.DirectConstructorHandleAccessor.newInstance(DirectConstructorHandleAccessor.java:62)
at java.base/java.lang.reflect.Constructor.newInstanceWithCaller(Constructor.java:502)
at java.base/java.lang.reflect.Constructor.newInstance(Constructor.java:486)
at org.openqa.selenium.remote.ErrorCodec.decode(ErrorCodec.java:167)
at org.openqa.selenium.remote.codec.w3c.W3CHttpResponseCodec.decode(W3CHttpResponseCodec.java:138)
at org.openqa.selenium.remote.codec.w3c.W3CHttpResponseCodec.decode(W3CHttpResponseCodec.java:50)
at org.openqa.selenium.remote.HttpCommandExecutor.execute(HttpCommandExecutor.java:190)
at io.appium.java_client.remote.AppiumCommandExecutor.execute(AppiumCommandExecutor.java:237)
at org.openqa.selenium.remote.RemoteWebDriver.execute(RemoteWebDriver.java:545)
at org.openqa.selenium.remote.ElementLocation$ElementFinder$2.findElement(ElementLocation.java:165)
at org.openqa.selenium.remote.ElementLocation.findElement(ElementLocation.java:59)
at org.openqa.selenium.remote.RemoteWebDriver.findElement(RemoteWebDriver.java:368)
at org.openqa.selenium.remote.RemoteWebDriver.findElement(RemoteWebDriver.java:362)
at iosautomation.Appium.ULC2BT_SmartCall.About_Watch(ULC2BT_SmartCall.java:273)
at java.base/jdk.internal.reflect.DirectMethodHandleAccessor.invoke(DirectMethodHandleAccessor.java:103)
at java.base/java.lang.reflect.Method.invoke(Method.java:580)
at org.testng.internal.invokers.MethodInvocationHelper.invokeMethod(MethodInvocationHelper.java:141)
at org.testng.internal.invokers.TestInvoker.invokeMethod(TestInvoker.java:686)
at org.testng.internal.invokers.TestInvoker.invokeTestMethod(TestInvoker.java:230)
at org.testng.internal.invokers.MethodRunner.runInSequence(MethodRunner.java:63)
at org.testng.internal.invokers.TestInvoker$MethodInvocationAgent.invoke(TestInvoker.java:992)
at org.testng.internal.invokers.TestInvoker.invokeTestMethods(TestInvoker.java:203)
at org.testng.internal.invokers.TestMethodWorker.invokeTestMethods(TestMethodWorker.java:154)
at org.testng.internal.invokers.TestMethodWorker.run(TestMethodWorker.java:134)
at java.base/java.util.ArrayList.forEach(ArrayList.java:1596)
at org.testng.TestRunner.privateRun(TestRunner.java:739)
at org.testng.TestRunner.run(TestRunner.java:614)
at org.testng.SuiteRunner.runTest(SuiteRunner.java:421)
at org.testng.SuiteRunner.runSequentially(SuiteRunner.java:413)
at org.testng.SuiteRunner.privateRun(SuiteRunner.java:373)
at org.testng.SuiteRunner.run(SuiteRunner.java:312)
at org.testng.SuiteRunnerWorker.runSuite(SuiteRunnerWorker.java:52)
at org.testng.SuiteRunnerWorker.run(SuiteRunnerWorker.java:95)
at org.testng.TestNG.runSuitesSequentially(TestNG.java:1274)
at org.testng.TestNG.runSuitesLocally(TestNG.java:1208)
at org.testng.TestNG.runSuites(TestNG.java:1112)
at org.testng.TestNG.run(TestNG.java:1079)
at org.testng.remote.AbstractRemoteTestNG.run(AbstractRemoteTestNG.java:115)
at org.testng.remote.RemoteTestNG.initAndRun(RemoteTestNG.java:293)
at org.testng.remote.RemoteTestNG.main(RemoteTestNG.java:91)
]]>
    </error>
  </testcase> <!-- About_Watch -->
  <testcase classname="iosautomation.Appium.ULC2BT_SmartCall" name="vitals" time="20.200">
    <error message="An element could not be located on the page using the given search parameters.
For documentation on this error, please visit: https://www.selenium.dev/documentation/webdriver/troubleshooting/errors#no-such-element-exception
Build info: version: &#039;4.27.0&#039;, revision: &#039;d6e718d134&#039;
System info: os.name: &#039;Mac OS X&#039;, os.arch: &#039;x86_64&#039;, os.version: &#039;15.2&#039;, java.version: &#039;21.0.5&#039;
Driver info: io.appium.java_client.ios.IOSDriver
Command: [31350378-55b4-4ee1-9dd3-64c605e85ead, findElement {using=accessibility id, value=Fitness}]
Capabilities {appium:autoAcceptAlerts: true, appium:automationName: XCUITest, appium:bundleId: com.coveiot.ios.boat.prod, appium:databaseEnabled: false, appium:javascriptEnabled: true, appium:locationContextEnabled: false, appium:networkConnectionEnabled: false, appium:platformVersion: 18.3, appium:takesScreenshot: true, appium:udid: 00008020-000E60EC2603002E, appium:wdaLaunchTimeout: 200000, appium:webStorageEnabled: false, platformName: IOS}
Session ID: 31350378-55b4-4ee1-9dd3-64c605e85ead" type="org.openqa.selenium.NoSuchElementException">
      <![CDATA[org.openqa.selenium.NoSuchElementException: An element could not be located on the page using the given search parameters.
For documentation on this error, please visit: https://www.selenium.dev/documentation/webdriver/troubleshooting/errors#no-such-element-exception
Build info: version: '4.27.0', revision: 'd6e718d134'
System info: os.name: 'Mac OS X', os.arch: 'x86_64', os.version: '15.2', java.version: '21.0.5'
Driver info: io.appium.java_client.ios.IOSDriver
Command: [31350378-55b4-4ee1-9dd3-64c605e85ead, findElement {using=accessibility id, value=Fitness}]
Capabilities {appium:autoAcceptAlerts: true, appium:automationName: XCUITest, appium:bundleId: com.coveiot.ios.boat.prod, appium:databaseEnabled: false, appium:javascriptEnabled: true, appium:locationContextEnabled: false, appium:networkConnectionEnabled: false, appium:platformVersion: 18.3, appium:takesScreenshot: true, appium:udid: 00008020-000E60EC2603002E, appium:wdaLaunchTimeout: 200000, appium:webStorageEnabled: false, platformName: IOS}
Session ID: 31350378-55b4-4ee1-9dd3-64c605e85ead
at java.base/jdk.internal.reflect.DirectConstructorHandleAccessor.newInstance(DirectConstructorHandleAccessor.java:62)
at java.base/java.lang.reflect.Constructor.newInstanceWithCaller(Constructor.java:502)
at java.base/java.lang.reflect.Constructor.newInstance(Constructor.java:486)
at org.openqa.selenium.remote.ErrorCodec.decode(ErrorCodec.java:167)
at org.openqa.selenium.remote.codec.w3c.W3CHttpResponseCodec.decode(W3CHttpResponseCodec.java:138)
at org.openqa.selenium.remote.codec.w3c.W3CHttpResponseCodec.decode(W3CHttpResponseCodec.java:50)
at org.openqa.selenium.remote.HttpCommandExecutor.execute(HttpCommandExecutor.java:190)
at io.appium.java_client.remote.AppiumCommandExecutor.execute(AppiumCommandExecutor.java:237)
at org.openqa.selenium.remote.RemoteWebDriver.execute(RemoteWebDriver.java:545)
at org.openqa.selenium.remote.ElementLocation$ElementFinder$2.findElement(ElementLocation.java:165)
at org.openqa.selenium.remote.ElementLocation.findElement(ElementLocation.java:59)
at org.openqa.selenium.remote.RemoteWebDriver.findElement(RemoteWebDriver.java:368)
at org.openqa.selenium.remote.RemoteWebDriver.findElement(RemoteWebDriver.java:362)
at iosautomation.Appium.ULC2BT_SmartCall.vitals(ULC2BT_SmartCall.java:286)
at java.base/jdk.internal.reflect.DirectMethodHandleAccessor.invoke(DirectMethodHandleAccessor.java:103)
at java.base/java.lang.reflect.Method.invoke(Method.java:580)
at org.testng.internal.invokers.MethodInvocationHelper.invokeMethod(MethodInvocationHelper.java:141)
at org.testng.internal.invokers.TestInvoker.invokeMethod(TestInvoker.java:686)
at org.testng.internal.invokers.TestInvoker.invokeTestMethod(TestInvoker.java:230)
at org.testng.internal.invokers.MethodRunner.runInSequence(MethodRunner.java:63)
at org.testng.internal.invokers.TestInvoker$MethodInvocationAgent.invoke(TestInvoker.java:992)
at org.testng.internal.invokers.TestInvoker.invokeTestMethods(TestInvoker.java:203)
at org.testng.internal.invokers.TestMethodWorker.invokeTestMethods(TestMethodWorker.java:154)
at org.testng.internal.invokers.TestMethodWorker.run(TestMethodWorker.java:134)
at java.base/java.util.ArrayList.forEach(ArrayList.java:1596)
at org.testng.TestRunner.privateRun(TestRunner.java:739)
at org.testng.TestRunner.run(TestRunner.java:614)
at org.testng.SuiteRunner.runTest(SuiteRunner.java:421)
at org.testng.SuiteRunner.runSequentially(SuiteRunner.java:413)
at org.testng.SuiteRunner.privateRun(SuiteRunner.java:373)
at org.testng.SuiteRunner.run(SuiteRunner.java:312)
at org.testng.SuiteRunnerWorker.runSuite(SuiteRunnerWorker.java:52)
at org.testng.SuiteRunnerWorker.run(SuiteRunnerWorker.java:95)
at org.testng.TestNG.runSuitesSequentially(TestNG.java:1274)
at org.testng.TestNG.runSuitesLocally(TestNG.java:1208)
at org.testng.TestNG.runSuites(TestNG.java:1112)
at org.testng.TestNG.run(TestNG.java:1079)
at org.testng.remote.AbstractRemoteTestNG.run(AbstractRemoteTestNG.java:115)
at org.testng.remote.RemoteTestNG.initAndRun(RemoteTestNG.java:293)
at org.testng.remote.RemoteTestNG.main(RemoteTestNG.java:91)
]]>
    </error>
  </testcase> <!-- vitals -->
  <testcase classname="iosautomation.Appium.ULC2BT_SmartCall" name="My_watch" time="31.749"/>
  <testcase classname="iosautomation.Appium.ULC2BT_SmartCall" name="profile" time="38.500"/>
  <testcase classname="iosautomation.Appium.ULC2BT_SmartCall" name="WatchFaceStudio" time="100.272"/>
  <testcase classname="iosautomation.Appium.ULC2BT_SmartCall" name="watch_disconnection" time="8.788"/>
  <testcase classname="iosautomation.Appium.ULC2BT_SmartCall" name="watch_list_screen_display_check_after_disconnection" time="2.622"/>
</testsuite> <!-- iosautomation.Appium.ULC2BT_SmartCall -->
